<?xml version="1.0" encoding="utf-8"?><testsuites name="pytest tests"><testsuite name="pytest" errors="0" failures="0" skipped="0" tests="25" time="9.338" timestamp="2026-02-28T10:47:35.611669+00:00" hostname="agent-env-02289385-e63a-4abf-a520-553473473520"><testcase classname="backend.tests.test_admin_panel.TestAuth" name="test_admin_login_success" time="0.481" /><testcase classname="backend.tests.test_admin_panel.TestAuth" name="test_admin_login_fail" time="0.270" /><testcase classname="backend.tests.test_admin_panel.TestStats" name="test_get_stats" time="0.263" /><testcase classname="backend.tests.test_admin_panel.TestVisitors" name="test_register_visitor" time="0.376" /><testcase classname="backend.tests.test_admin_panel.TestVisitors" name="test_register_bot_visitor" time="0.330" /><testcase classname="backend.tests.test_admin_panel.TestVisitors" name="test_get_visitors" time="0.259" /><testcase classname="backend.tests.test_admin_panel.TestVisitors" name="test_visitor_status" time="0.585" /><testcase classname="backend.tests.test_admin_panel.TestVisitors" name="test_approve_visitor" time="0.595" /><testcase classname="backend.tests.test_admin_panel.TestVisitors" name="test_block_visitor" time="0.557" /><testcase classname="backend.tests.test_admin_panel.TestVisitors" name="test_delete_visitor" time="0.557" /><testcase classname="backend.tests.test_admin_panel.TestPages" name="test_get_pages" time="0.240" /><testcase classname="backend.tests.test_admin_panel.TestPages" name="test_create_page" time="0.249" /><testcase classname="backend.tests.test_admin_panel.TestPages" name="test_create_default_page" time="0.248" /><testcase classname="backend.tests.test_admin_panel.TestPages" name="test_get_default_page" time="0.251" /><testcase classname="backend.tests.test_admin_panel.TestPages" name="test_delete_page" time="0.509" /><testcase classname="backend.tests.test_admin_panel.TestPentest" name="test_get_targets" time="0.238" /><testcase classname="backend.tests.test_admin_panel.TestPentest" name="test_create_target" time="0.272" /><testcase classname="backend.tests.test_admin_panel.TestPentest" name="test_create_scan" time="0.515" /><testcase classname="backend.tests.test_admin_panel.TestPentest" name="test_create_vulnerability" time="0.488" /><testcase classname="backend.tests.test_admin_panel.TestPentest" name="test_delete_target" time="0.484" /><testcase classname="backend.tests.test_admin_panel.TestAlerts" name="test_get_alerts" time="0.272" /><testcase classname="backend.tests.test_admin_panel.TestAlerts" name="test_create_alert" time="0.246" /><testcase classname="backend.tests.test_admin_panel.TestAlerts" name="test_mark_alert_read" time="0.490" /><testcase classname="backend.tests.test_admin_panel.TestAlerts" name="test_mark_all_read" time="0.236" /><testcase classname="backend.tests.test_admin_panel.TestAlerts" name="test_telegram_test" time="0.241" /></testsuite></testsuites>